<?xml version="1.0" encoding="UTF-8"?>
<!-- Generated by org.testng.reporters.JUnitXMLReporter -->
<testsuite ignored="0" hostname="DESKTOP-RKLUDNK" failures="0" tests="5" name="Default test" time="6.846" errors="0" timestamp="2025-06-07T05:04:25 IST">
  <testcase classname="MavenProject.SeleniumPractice.TestngPrograme3" name="ready" time="3.669"/>
  <testcase classname="MavenProject.SeleniumPractice.TestngPrograme3" name="testcase_logintoflipkart" time="0.002"/>
  <testcase classname="MavenProject.SeleniumPractice.TestngPrograme3" name="login" time="0.899"/>
  <testcase classname="MavenProject.SeleniumPractice.TestngPrograme3" name="login" time="1.044"/>
  <testcase classname="MavenProject.SeleniumPractice.TestngPrograme3" name="login" time="1.103"/>
</testsuite> <!-- Default test -->
