<?xml version="1.0" encoding="UTF-8"?>
<!-- Generated by org.testng.reporters.JUnitXMLReporter -->
<testsuite ignored="0" hostname="DESKTOP-RKLUDNK" failures="0" tests="5" name="Regression Test" time="11.397" errors="0" timestamp="2025-06-07T04:55:55 IST">
  <testcase classname="MavenProject.SeleniumPractice.TestngPrograme1" name="testcase_logintogoogle" time="2.164"/>
  <testcase classname="MavenProject.SeleniumPractice.TestngPrograme2" name="testcase_logintogoogle" time="1.177"/>
  <testcase classname="MavenProject.SeleniumPractice.TestngPrograme3" name="ready" time="6.864"/>
  <testcase classname="MavenProject.SeleniumPractice.TestngPrograme3" name="testcase_logintoflipkart" time="0.004"/>
  <testcase classname="MavenProject.SeleniumPractice.TestngPrograme3" name="login" time="1.081"/>
</testsuite> <!-- Regression Test -->
