<?xml version="1.0" encoding="UTF-8"?>
<testng-results ignored="0" total="5" passed="5" failed="0" skipped="0">
  <reporter-output>
  </reporter-output>
  <suite started-at="2025-06-07T05:04:18 IST" name="Default suite" finished-at="2025-06-07T05:04:25 IST" duration-ms="6846">
    <groups>
    </groups>
    <test started-at="2025-06-07T05:04:18 IST" name="Default test" finished-at="2025-06-07T05:04:25 IST" duration-ms="6846">
      <class name="MavenProject.SeleniumPractice.TestngPrograme3">
        <test-method signature="ready()[pri:1, instance:MavenProject.SeleniumPractice.TestngPrograme3@815b41f]" started-at="2025-06-07T05:04:18 IST" name="ready" finished-at="2025-06-07T05:04:22 IST" duration-ms="3669" status="PASS">
          <reporter-output>
          </reporter-output>
        </test-method> <!-- ready -->
        <test-method signature="testcase_logintoflipkart()[pri:2, instance:MavenProject.SeleniumPractice.TestngPrograme3@815b41f]" started-at="2025-06-07T05:04:22 IST" name="testcase_logintoflipkart" finished-at="2025-06-07T05:04:22 IST" duration-ms="2" status="PASS">
          <reporter-output>
          </reporter-output>
        </test-method> <!-- testcase_logintoflipkart -->
        <test-method signature="login()[pri:3, instance:MavenProject.SeleniumPractice.TestngPrograme3@815b41f]" started-at="2025-06-07T05:04:22 IST" name="login" finished-at="2025-06-07T05:04:22 IST" duration-ms="899" status="PASS">
          <reporter-output>
          </reporter-output>
        </test-method> <!-- login -->
        <test-method signature="login()[pri:3, instance:MavenProject.SeleniumPractice.TestngPrograme3@815b41f]" started-at="2025-06-07T05:04:22 IST" name="login" finished-at="2025-06-07T05:04:23 IST" duration-ms="1044" status="PASS">
          <reporter-output>
          </reporter-output>
        </test-method> <!-- login -->
        <test-method signature="login()[pri:3, instance:MavenProject.SeleniumPractice.TestngPrograme3@815b41f]" started-at="2025-06-07T05:04:23 IST" name="login" finished-at="2025-06-07T05:04:25 IST" duration-ms="1103" status="PASS">
          <reporter-output>
          </reporter-output>
        </test-method> <!-- login -->
      </class> <!-- MavenProject.SeleniumPractice.TestngPrograme3 -->
    </test> <!-- Default test -->
  </suite> <!-- Default suite -->
</testng-results>
